C:\Program Files\Microsoft Visual Studio\2022\Community\MSBuild\Current\Bin\amd64\Microsoft.Common.CurrentVersion.targets(2116,5): warning : The referenced project '..\xrCPU_Pipe\xrCPU_Pipe.vcxproj' does not exist.
C:\Program Files\Microsoft Visual Studio\2022\Community\MSBuild\Current\Bin\amd64\Microsoft.Common.CurrentVersion.targets(2116,5): warning : The referenced project '..\xrEngine.vcxproj' does not exist.
cl : command line warning D9035: option 'Zc:forScope-' has been deprecated and will be removed in a future release
  stdafx.cpp
I:\Vitalya\mine\NSProjectX\xrCore\xrMemory.h(126,11): warning C4595: 'operator new': non-member operator new or delete functions may not be declared inline
I:\Vitalya\mine\NSProjectX\xrCore\xrMemory.h(127,11): warning C4595: 'operator delete': non-member operator new or delete functions may not be declared inline
I:\Vitalya\mine\NSProjectX\xrCore\xrMemory.h(128,11): warning C4595: 'operator new[]': non-member operator new or delete functions may not be declared inline
I:\Vitalya\mine\NSProjectX\xrCore\xrMemory.h(129,11): warning C4595: 'operator delete[]': non-member operator new or delete functions may not be declared inline
I:\Vitalya\mine\NSProjectX\xrEngine\R_Backend.h(145,44): warning C4458: declaration of 'C' hides class member
I:\Vitalya\mine\NSProjectX\xrEngine\R_Backend.h(90,17): message : see declaration of 'CBackend::C'
I:\Vitalya\mine\NSProjectX\xrEngine\R_Backend.h(148,49): warning C4458: declaration of 'T' hides class member
I:\Vitalya\mine\NSProjectX\xrEngine\R_Backend.h(88,16): message : see declaration of 'CBackend::T'
I:\Vitalya\mine\NSProjectX\xrEngine\R_Backend.h(189,55): warning C4458: declaration of 'C' hides class member
I:\Vitalya\mine\NSProjectX\xrEngine\R_Backend.h(90,17): message : see declaration of 'CBackend::C'
I:\Vitalya\mine\NSProjectX\xrEngine\R_Backend.h(190,56): warning C4458: declaration of 'C' hides class member
I:\Vitalya\mine\NSProjectX\xrEngine\R_Backend.h(90,17): message : see declaration of 'CBackend::C'
I:\Vitalya\mine\NSProjectX\xrEngine\R_Backend.h(191,73): warning C4458: declaration of 'C' hides class member
I:\Vitalya\mine\NSProjectX\xrEngine\R_Backend.h(90,17): message : see declaration of 'CBackend::C'
I:\Vitalya\mine\NSProjectX\xrEngine\R_Backend.h(192,63): warning C4458: declaration of 'C' hides class member
I:\Vitalya\mine\NSProjectX\xrEngine\R_Backend.h(90,17): message : see declaration of 'CBackend::C'
I:\Vitalya\mine\NSProjectX\xrEngine\R_Backend.h(193,64): warning C4458: declaration of 'C' hides class member
I:\Vitalya\mine\NSProjectX\xrEngine\R_Backend.h(90,17): message : see declaration of 'CBackend::C'
I:\Vitalya\mine\NSProjectX\xrEngine\R_Backend.h(194,81): warning C4458: declaration of 'C' hides class member
I:\Vitalya\mine\NSProjectX\xrEngine\R_Backend.h(90,17): message : see declaration of 'CBackend::C'
I:\Vitalya\mine\NSProjectX\xrEngine\R_Backend_Runtime.h(18,53): warning C4458: declaration of 'M' hides class member
I:\Vitalya\mine\NSProjectX\xrEngine\R_Backend.h(89,15): message : see declaration of 'CBackend::M'
I:\Vitalya\mine\NSProjectX\xrEngine\R_Backend_Runtime.h(23,50): warning C4458: declaration of 'M' hides class member
I:\Vitalya\mine\NSProjectX\xrEngine\R_Backend.h(89,15): message : see declaration of 'CBackend::M'
I:\Vitalya\mine\NSProjectX\xrEngine\R_Backend_Runtime.h(27,49): warning C4458: declaration of 'M' hides class member
I:\Vitalya\mine\NSProjectX\xrEngine\R_Backend.h(89,15): message : see declaration of 'CBackend::M'
I:\Vitalya\mine\NSProjectX\xrEngine\R_Backend_Runtime.h(31,52): warning C4458: declaration of 'M' hides class member
I:\Vitalya\mine\NSProjectX\xrEngine\R_Backend.h(89,15): message : see declaration of 'CBackend::M'
I:\Vitalya\mine\NSProjectX\xrEngine\R_Backend_Runtime.h(97,51): warning C4458: declaration of 'C' hides class member
I:\Vitalya\mine\NSProjectX\xrEngine\R_Backend.h(90,17): message : see declaration of 'CBackend::C'
I:\Vitalya\mine\NSProjectX\xrEngine\R_Backend_Runtime.h(111,19): warning C4457: declaration of 'C' hides function parameter
I:\Vitalya\mine\NSProjectX\xrEngine\R_Backend_Runtime.h(97,51): message : see declaration of 'C'
I:\Vitalya\mine\NSProjectX\xrEngine\R_Backend_Runtime.h(197,44): warning C4458: declaration of 'T' hides class member
I:\Vitalya\mine\NSProjectX\xrEngine\R_Backend.h(88,16): message : see declaration of 'CBackend::T'
I:\Vitalya\mine\NSProjectX\xrEngine\R_Backend_Runtime.h(207,44): warning C4458: declaration of 'T' hides class member
I:\Vitalya\mine\NSProjectX\xrEngine\R_Backend.h(88,16): message : see declaration of 'CBackend::T'
cl : command line warning D9035: option 'Zc:forScope-' has been deprecated and will be removed in a future release
cl : command line warning D9035: option 'Zc:forScope-' has been deprecated and will be removed in a future release
  Blender_BmmD.cpp
cl : command line warning D9035: option 'Zc:forScope-' has been deprecated and will be removed in a future release
  Blender_detail_still.cpp
cl : command line warning D9035: option 'Zc:forScope-' has been deprecated and will be removed in a future release
cl : command line warning D9035: option 'Zc:forScope-' has been deprecated and will be removed in a future release
  Blender_Editor_Selection.cpp
  Blender_Editor_Wire.cpp
cl : command line warning D9035: option 'Zc:forScope-' has been deprecated and will be removed in a future release
  Blender_Lm(EbB).cpp
cl : command line warning D9035: option 'Zc:forScope-' has been deprecated and will be removed in a future release
  Blender_Model_EbB.cpp
cl : command line warning D9035: option 'Zc:forScope-' has been deprecated and will be removed in a future release
cl : command line warning D9035: option 'Zc:forScope-' has been deprecated and will be removed in a future release
cl : command line warning D9035: option 'Zc:forScope-' has been deprecated and will be removed in a future release
  Blender_Particle.cpp
  Blender_Screen_SET.cpp
  Blender_tree.cpp
cl : command line warning D9035: option 'Zc:forScope-' has been deprecated and will be removed in a future release
  DetailManager.cpp
cl : command line warning D9035: option 'Zc:forScope-' has been deprecated and will be removed in a future release
  DetailManager_CACHE.cpp
cl : command line warning D9035: option 'Zc:forScope-' has been deprecated and will be removed in a future release
cl : command line warning D9035: option 'Zc:forScope-' has been deprecated and will be removed in a future release
cl : command line warning D9035: option 'Zc:forScope-' has been deprecated and will be removed in a future release
  DetailManager_Decompress.cpp
  DetailManager_soft.cpp
  DetailManager_VS.cpp
cl : command line warning D9035: option 'Zc:forScope-' has been deprecated and will be removed in a future release
cl : command line warning D9035: option 'Zc:forScope-' has been deprecated and will be removed in a future release
  DetailModel.cpp
  FLOD.cpp
cl : command line warning D9035: option 'Zc:forScope-' has been deprecated and will be removed in a future release
  FProgressive.cpp
cl : command line warning D9035: option 'Zc:forScope-' has been deprecated and will be removed in a future release
  FSkinned.cpp
cl : command line warning D9035: option 'Zc:forScope-' has been deprecated and will be removed in a future release
  FTreeVisual.cpp
  FVisual.cpp
cl : command line warning D9035: option 'Zc:forScope-' has been deprecated and will be removed in a future release
  HOM.cpp
  light.cpp
  LightTrack.cpp
  Light_DB.cpp
  Light_Package.cpp
  ModelPool.cpp
  NvTriStrip.cpp
  NvTriStripObjects.cpp
I:\Vitalya\mine\NSProjectX\layers\xrRender\FLOD.cpp(42,16): warning C4457: declaration of 'N' hides function parameter
I:\Vitalya\mine\NSProjectX\layers\xrRender\FLOD.cpp(31,27): message : see declaration of 'N'
I:\Vitalya\mine\NSProjectX\layers\xrRender\FLOD.cpp(62,13): warning C4244: 'initializing': conversion from 'double' to 'float', possible loss of data
  occRasterizer.cpp
  occRasterizer_core.cpp
  ParticleEffect.cpp
  ParticleEffectDef.cpp
I:\Vitalya\mine\NSProjectX\layers\xrRender\HOM.cpp(216,3): warning C4456: declaration of 'v' hides previous local declaration
I:\Vitalya\mine\NSProjectX\layers\xrRender\HOM.cpp(202,13): message : see declaration of 'v'
  ParticleGroup.cpp
  I:\Vitalya\mine\NSProjectX\layers\xrRender\light.cpp(57) :  TODO :   "Only shadowed spot implements projective texture"
I:\Vitalya\mine\NSProjectX\layers\xrRender\LightTrack.cpp(126,21): warning C4456: declaration of 'direction' hides previous local declaration
I:\Vitalya\mine\NSProjectX\layers\xrRender\LightTrack.cpp(113,10): message : see declaration of 'direction'
I:\Vitalya\mine\NSProjectX\layers\xrRender\LightTrack.cpp(140,21): warning C4456: declaration of 'direction' hides previous local declaration
I:\Vitalya\mine\NSProjectX\layers\xrRender\LightTrack.cpp(113,10): message : see declaration of 'direction'
I:\Vitalya\mine\NSProjectX\layers\xrRender\ParticleEffect.cpp(12,13): warning C4505: 'ApplyTexgen': unreferenced function with internal linkage has been removed
I:\Vitalya\mine\NSProjectX\layers\xrRender\NvTriStripObjects.cpp(1052,4): warning C4456: declaration of 'i' hides previous local declaration
I:\Vitalya\mine\NSProjectX\layers\xrRender\NvTriStripObjects.cpp(954,6): message : see declaration of 'i'
  PSLibrary.cpp
  r__dsgraph_build.cpp
  r__dsgraph_render.cpp
I:\Vitalya\mine\NSProjectX\layers\xrRender\NvTriStripObjects.cpp(1308,23): warning C4456: declaration of 'experimentId' hides previous local declaration
I:\Vitalya\mine\NSProjectX\layers\xrRender\NvTriStripObjects.cpp(1225,6): message : see declaration of 'experimentId'
I:\Vitalya\mine\NSProjectX\layers\xrRender\NvTriStrip.cpp(108,3): warning C4456: declaration of 'i' hides previous local declaration
I:\Vitalya\mine\NSProjectX\layers\xrRender\NvTriStrip.cpp(86,6): message : see declaration of 'i'
I:\Vitalya\mine\NSProjectX\layers\xrRender\NvTriStrip.cpp(122,3): warning C4456: declaration of 'i' hides previous local declaration
I:\Vitalya\mine\NSProjectX\layers\xrRender\NvTriStrip.cpp(86,6): message : see declaration of 'i'
I:\Vitalya\mine\NSProjectX\layers\xrRender\NvTriStrip.cpp(133,3): warning C4456: declaration of 'i' hides previous local declaration
I:\Vitalya\mine\NSProjectX\layers\xrRender\NvTriStrip.cpp(86,6): message : see declaration of 'i'
I:\Vitalya\mine\NSProjectX\layers\xrRender\NvTriStrip.cpp(162,10): warning C4456: declaration of 'i' hides previous local declaration
I:\Vitalya\mine\NSProjectX\layers\xrRender\NvTriStrip.cpp(86,6): message : see declaration of 'i'
I:\Vitalya\mine\NSProjectX\layers\xrRender\NvTriStrip.cpp(179,4): warning C4456: declaration of 'i' hides previous local declaration
I:\Vitalya\mine\NSProjectX\layers\xrRender\NvTriStrip.cpp(86,6): message : see declaration of 'i'
I:\Vitalya\mine\NSProjectX\layers\xrRender\NvTriStrip.cpp(193,4): warning C4456: declaration of 'i' hides previous local declaration
I:\Vitalya\mine\NSProjectX\layers\xrRender\NvTriStrip.cpp(86,6): message : see declaration of 'i'
I:\Vitalya\mine\NSProjectX\layers\xrRender\NvTriStrip.cpp(205,2): warning C4456: declaration of 'i' hides previous local declaration
I:\Vitalya\mine\NSProjectX\layers\xrRender\NvTriStrip.cpp(86,6): message : see declaration of 'i'
  r__dsgraph_render_lods.cpp
I:\Vitalya\mine\NSProjectX\layers\xrRender\NvTriStrip.cpp(215,2): warning C4456: declaration of 'i' hides previous local declaration
I:\Vitalya\mine\NSProjectX\layers\xrRender\NvTriStrip.cpp(86,6): message : see declaration of 'i'
I:\Vitalya\mine\NSProjectX\layers\xrRender\ParticleGroup.cpp(301,34): warning C4456: declaration of 'E' hides previous local declaration
I:\Vitalya\mine\NSProjectX\layers\xrRender\ParticleGroup.cpp(275,22): message : see declaration of 'E'
I:\Vitalya\mine\NSProjectX\layers\xrRender\ParticleGroup.cpp(318,34): warning C4456: declaration of 'E' hides previous local declaration
I:\Vitalya\mine\NSProjectX\layers\xrRender\ParticleGroup.cpp(275,22): message : see declaration of 'E'
  r__occlusion.cpp
  r__pixel_calculator.cpp
  r__screenshot.cpp
  r__sector.cpp
  r__sector_traversal.cpp
  Texture.cpp
  tga.cpp
I:\Vitalya\mine\NSProjectX\layers\xrRender\PSLibrary.cpp(105,18): warning C4456: declaration of 'it' hides previous local declaration
I:\Vitalya\mine\NSProjectX\layers\xrRender\PSLibrary.cpp(99,12): message : see declaration of 'it'
  uber_deffer.cpp
  VertexCache.cpp
  WallmarksEngine.cpp
  xrRender_console.cpp
  xrStripify.cpp
I:\Vitalya\mine\NSProjectX\layers\xrRender\r__dsgraph_build.cpp(291,39): warning C4456: declaration of 'I' hides previous local declaration
I:\Vitalya\mine\NSProjectX\layers\xrRender\r__dsgraph_build.cpp(283,39): message : see declaration of 'I'
I:\Vitalya\mine\NSProjectX\layers\xrRender\r__dsgraph_build.cpp(357,39): warning C4456: declaration of 'I' hides previous local declaration
I:\Vitalya\mine\NSProjectX\layers\xrRender\r__dsgraph_build.cpp(349,39): message : see declaration of 'I'
I:\Vitalya\mine\NSProjectX\layers\xrRender\r__dsgraph_build.cpp(445,39): warning C4456: declaration of 'I' hides previous local declaration
I:\Vitalya\mine\NSProjectX\layers\xrRender\r__dsgraph_build.cpp(436,39): message : see declaration of 'I'
I:\Vitalya\mine\NSProjectX\layers\xrRender\r__dsgraph_build.cpp(482,23): warning C4456: declaration of 'Tpos' hides previous local declaration
I:\Vitalya\mine\NSProjectX\layers\xrRender\r__dsgraph_build.cpp(428,11): message : see declaration of 'Tpos'
I:\Vitalya\mine\NSProjectX\layers\xrRender\r__dsgraph_build.cpp(537,39): warning C4456: declaration of 'I' hides previous local declaration
I:\Vitalya\mine\NSProjectX\layers\xrRender\r__dsgraph_build.cpp(529,39): message : see declaration of 'I'
  Blender_ao_build.cpp
  blender_bloom_build.cpp
I:\Vitalya\mine\NSProjectX\layers\xrRender\r__screenshot.cpp(124,27): warning C4456: declaration of 'saved' hides previous local declaration
I:\Vitalya\mine\NSProjectX\layers\xrRender\r__screenshot.cpp(115,19): message : see declaration of 'saved'
I:\Vitalya\mine\NSProjectX\layers\xrRender\r__screenshot.cpp(126,20): warning C4456: declaration of 'fs' hides previous local declaration
I:\Vitalya\mine\NSProjectX\layers\xrRender\r__screenshot.cpp(117,15): message : see declaration of 'fs'
I:\Vitalya\mine\NSProjectX\layers\xrRender\r__screenshot.cpp(134,28): warning C4456: declaration of 'saved' hides previous local declaration
I:\Vitalya\mine\NSProjectX\layers\xrRender\r__screenshot.cpp(115,19): message : see declaration of 'saved'
I:\Vitalya\mine\NSProjectX\layers\xrRender\r__screenshot.cpp(136,21): warning C4456: declaration of 'fs' hides previous local declaration
I:\Vitalya\mine\NSProjectX\layers\xrRender\r__screenshot.cpp(117,15): message : see declaration of 'fs'
I:\Vitalya\mine\NSProjectX\xrCore\_fbox2.h(25,1): warning C4458: declaration of 'x1' hides class member (compiling source file ..\xrRender\r__sector_traversal.cpp)
I:\Vitalya\mine\NSProjectX\xrCore\_fbox2.h(19,6): message : see declaration of '_box2<float>::<unnamed-tag>::x1' (compiling source file ..\xrRender\r__sector_traversal.cpp)
I:\Vitalya\mine\NSProjectX\xrCore\_fbox2.h(25): message : while compiling class template member function '_box2<float> &_box2<float>::set(T,T,T,T)'
          with
          [
              T=float
          ] (compiling source file ..\xrRender\r__sector_traversal.cpp)
I:\Vitalya\mine\NSProjectX\layers\xrRender\r__sector_traversal.cpp(40): message : see reference to function template instantiation '_box2<float> &_box2<float>::set(T,T,T,T)' being compiled
          with
          [
              T=float
          ]
I:\Vitalya\mine\NSProjectX\layers\xrRender\r__sector.h(13): message : see reference to class template instantiation '_box2<float>' being compiled (compiling source file ..\xrRender\r__sector_traversal.cpp)
I:\Vitalya\mine\NSProjectX\xrCore\_fbox2.h(25,1): warning C4458: declaration of 'y1' hides class member (compiling source file ..\xrRender\r__sector_traversal.cpp)
I:\Vitalya\mine\NSProjectX\xrCore\_fbox2.h(19,10): message : see declaration of '_box2<float>::<unnamed-tag>::y1' (compiling source file ..\xrRender\r__sector_traversal.cpp)
I:\Vitalya\mine\NSProjectX\xrCore\_fbox2.h(25,1): warning C4458: declaration of 'x2' hides class member (compiling source file ..\xrRender\r__sector_traversal.cpp)
I:\Vitalya\mine\NSProjectX\xrCore\_fbox2.h(20,6): message : see declaration of '_box2<float>::<unnamed-tag>::x2' (compiling source file ..\xrRender\r__sector_traversal.cpp)
I:\Vitalya\mine\NSProjectX\xrCore\_fbox2.h(25,1): warning C4458: declaration of 'y2' hides class member (compiling source file ..\xrRender\r__sector_traversal.cpp)
I:\Vitalya\mine\NSProjectX\xrCore\_fbox2.h(20,10): message : see declaration of '_box2<float>::<unnamed-tag>::y2' (compiling source file ..\xrRender\r__sector_traversal.cpp)
I:\Vitalya\mine\NSProjectX\layers\xrRender\Texture.cpp(331,27): warning C4456: declaration of 'result' hides previous local declaration
I:\Vitalya\mine\NSProjectX\layers\xrRender\Texture.cpp(315,17): message : see declaration of 'result'
I:\Vitalya\mine\NSProjectX\layers\xrRender\Texture.cpp(370,18): warning C4456: declaration of 'result' hides previous local declaration
I:\Vitalya\mine\NSProjectX\layers\xrRender\Texture.cpp(315,17): message : see declaration of 'result'
I:\Vitalya\mine\NSProjectX\layers\xrRender\r__dsgraph_render.cpp(574,24): warning C4456: declaration of 'E' hides previous local declaration
I:\Vitalya\mine\NSProjectX\layers\xrRender\r__dsgraph_render.cpp(531,42): message : see declaration of 'E'
  I:\Vitalya\mine\NSProjectX\layers\xrRender\uber_deffer.cpp(156) :  TODO :   "Deathman to ALL: UGLIOUS TEMPORAL SOLUTION for swiching terrain relief mode. WE ARE MUST REWRITE IN FUTURE"
  blender_combine.cpp
  blender_deffer_aref.cpp
  blender_deffer_flat.cpp
  blender_deffer_model.cpp
  blender_light_direct.cpp
  blender_light_direct_cascade.cpp
  blender_light_mask.cpp
  blender_light_occq.cpp
  blender_light_point.cpp
  blender_light_reflected.cpp
  blender_light_spot.cpp
  blender_luminance.cpp
  du_sphere_part.cpp
  light_GI.cpp
  Light_Render_Direct.cpp
  Light_Render_Direct_ComputeXFS.cpp
  light_smapvis.cpp
  light_vis.cpp
  r2.cpp
  r2_blenders.cpp
  r2_loader.cpp
  r2_rendertarget_accum_direct.cpp
  r2_rendertarget_accum_omnipart_geom.cpp
  r2_rendertarget_accum_point.cpp
  r2_rendertarget_accum_point_geom.cpp
  r2_rendertarget_accum_reflected.cpp
  r2_rendertarget_accum_spot.cpp
  r2_rendertarget_accum_spot_geom.cpp
  r2_rendertarget_draw_volume.cpp
  r2_rendertarget_enable_scissor.cpp
  r2_rendertarget_phase_accumulator.cpp
  r2_rendertarget_phase_ao.cpp
  r2_rendertarget_phase_bloom.cpp
  r2_rendertarget_phase_combine.cpp
  r2_rendertarget_phase_luminance.cpp
  r2_rendertarget_phase_occq.cpp
I:\Vitalya\mine\NSProjectX\layers\xrRenderPC_R2\r2_rendertarget_phase_combine.cpp(242,16): warning C4456: declaration of 'Offset' hides previous local declaration
I:\Vitalya\mine\NSProjectX\layers\xrRenderPC_R2\r2_rendertarget_phase_combine.cpp(12,8): message : see declaration of 'Offset'
I:\Vitalya\mine\NSProjectX\layers\xrRenderPC_R2\r2_rendertarget_phase_combine.cpp(251,14): warning C4456: declaration of 'p0' hides previous local declaration
I:\Vitalya\mine\NSProjectX\layers\xrRenderPC_R2\r2_rendertarget_phase_combine.cpp(13,11): message : see declaration of 'p0'
I:\Vitalya\mine\NSProjectX\layers\xrRenderPC_R2\r2_rendertarget_phase_combine.cpp(251,18): warning C4456: declaration of 'p1' hides previous local declaration
I:\Vitalya\mine\NSProjectX\layers\xrRenderPC_R2\r2_rendertarget_phase_combine.cpp(13,15): message : see declaration of 'p1'
  r2_rendertarget_phase_PP.cpp
  r2_rendertarget_phase_scene.cpp
  r2_rendertarget_phase_smap_D.cpp
  r2_rendertarget_phase_smap_S.cpp
  r2_R_calculate.cpp
  r2_R_lights.cpp
  r2_R_render.cpp
  r2_R_sun.cpp
  r2_sector_detect.cpp
  r2_test_hw.cpp
  xrRender_R2.cpp
  I:\Vitalya\mine\NSProjectX\layers\xrRenderPC_R2\r2_rendertarget_phase_smap_S.cpp(24) :  TODO :   "can optimize for multi-lights covering more than say 50%..."
I:\Vitalya\mine\NSProjectX\layers\xrRenderPC_R2\r2_R_lights.cpp(134,15): warning C4456: declaration of 'L' hides previous local declaration
I:\Vitalya\mine\NSProjectX\layers\xrRenderPC_R2\r2_R_lights.cpp(87,10): message : see declaration of 'L'
I:\Vitalya\mine\NSProjectX\layers\xrRenderPC_R2\r2_R_lights.cpp(144,15): warning C4456: declaration of 'L' hides previous local declaration
I:\Vitalya\mine\NSProjectX\layers\xrRenderPC_R2\r2_R_lights.cpp(87,10): message : see declaration of 'L'
I:\Vitalya\mine\NSProjectX\layers\xrRenderPC_R2\r2.cpp(694,7): warning C4101: 'c_aa_edge_detect': unreferenced local variable
cl : command line warning D9035: option 'Zc:forScope-' has been deprecated and will be removed in a future release
  doug_lea_memory_allocator.c
cl : command line warning D9035: option 'Zc:forScope-' has been deprecated and will be removed in a future release
  r2_rendertarget.cpp
  Generating code
I:\Vitalya\mine\NSProjectX\layers\xrRenderPC_R2\r2_rendertarget_phase_PP.cpp(144): warning C4701: potentially uninitialized local variable 'dof' used
I:\Vitalya\mine\NSProjectX\layers\xrRenderPC_R2\r2_rendertarget_phase_combine.cpp(217): warning C4701: potentially uninitialized local variable 'dof' used
I:\Vitalya\mine\NSProjectX\layers\xrRenderPC_R2\r2_rendertarget_phase_combine.cpp(275): warning C4701: potentially uninitialized local variable 'dof' used
  Finished generating code
  xrRender_R2.vcxproj -> I:\Vitalya\mine\NSProjectX\NSPX_build\bin\xrRender_R2.dll
