C:\Program Files\Microsoft Visual Studio\2022\Community\MSBuild\Current\Bin\amd64\Microsoft.Common.CurrentVersion.targets(2116,5): warning : The referenced project '..\xrCPU_Pipe\xrCPU_Pipe.vcxproj' does not exist.
C:\Program Files\Microsoft Visual Studio\2022\Community\MSBuild\Current\Bin\amd64\Microsoft.Common.CurrentVersion.targets(2116,5): warning : The referenced project '..\xrEngine.vcxproj' does not exist.
cl : command line warning D9035: option 'Zc:forScope-' has been deprecated and will be removed in a future release
  stdafx.cpp
I:\Vitalya\mine\NSProjectX\xrCore\xrMemory.h(126,11): warning C4595: 'operator new': non-member operator new or delete functions may not be declared inline
I:\Vitalya\mine\NSProjectX\xrCore\xrMemory.h(127,11): warning C4595: 'operator delete': non-member operator new or delete functions may not be declared inline
I:\Vitalya\mine\NSProjectX\xrCore\xrMemory.h(128,11): warning C4595: 'operator new[]': non-member operator new or delete functions may not be declared inline
I:\Vitalya\mine\NSProjectX\xrCore\xrMemory.h(129,11): warning C4595: 'operator delete[]': non-member operator new or delete functions may not be declared inline
I:\Vitalya\mine\NSProjectX\xrEngine\R_Backend.h(145,44): warning C4458: declaration of 'C' hides class member
I:\Vitalya\mine\NSProjectX\xrEngine\R_Backend.h(90,17): message : see declaration of 'CBackend::C'
I:\Vitalya\mine\NSProjectX\xrEngine\R_Backend.h(148,49): warning C4458: declaration of 'T' hides class member
I:\Vitalya\mine\NSProjectX\xrEngine\R_Backend.h(88,16): message : see declaration of 'CBackend::T'
I:\Vitalya\mine\NSProjectX\xrEngine\R_Backend.h(189,55): warning C4458: declaration of 'C' hides class member
I:\Vitalya\mine\NSProjectX\xrEngine\R_Backend.h(90,17): message : see declaration of 'CBackend::C'
I:\Vitalya\mine\NSProjectX\xrEngine\R_Backend.h(190,56): warning C4458: declaration of 'C' hides class member
I:\Vitalya\mine\NSProjectX\xrEngine\R_Backend.h(90,17): message : see declaration of 'CBackend::C'
I:\Vitalya\mine\NSProjectX\xrEngine\R_Backend.h(191,73): warning C4458: declaration of 'C' hides class member
I:\Vitalya\mine\NSProjectX\xrEngine\R_Backend.h(90,17): message : see declaration of 'CBackend::C'
I:\Vitalya\mine\NSProjectX\xrEngine\R_Backend.h(192,63): warning C4458: declaration of 'C' hides class member
I:\Vitalya\mine\NSProjectX\xrEngine\R_Backend.h(90,17): message : see declaration of 'CBackend::C'
I:\Vitalya\mine\NSProjectX\xrEngine\R_Backend.h(193,64): warning C4458: declaration of 'C' hides class member
I:\Vitalya\mine\NSProjectX\xrEngine\R_Backend.h(90,17): message : see declaration of 'CBackend::C'
I:\Vitalya\mine\NSProjectX\xrEngine\R_Backend.h(194,81): warning C4458: declaration of 'C' hides class member
I:\Vitalya\mine\NSProjectX\xrEngine\R_Backend.h(90,17): message : see declaration of 'CBackend::C'
I:\Vitalya\mine\NSProjectX\xrEngine\R_Backend_Runtime.h(18,53): warning C4458: declaration of 'M' hides class member
I:\Vitalya\mine\NSProjectX\xrEngine\R_Backend.h(89,15): message : see declaration of 'CBackend::M'
I:\Vitalya\mine\NSProjectX\xrEngine\R_Backend_Runtime.h(23,50): warning C4458: declaration of 'M' hides class member
I:\Vitalya\mine\NSProjectX\xrEngine\R_Backend.h(89,15): message : see declaration of 'CBackend::M'
I:\Vitalya\mine\NSProjectX\xrEngine\R_Backend_Runtime.h(27,49): warning C4458: declaration of 'M' hides class member
I:\Vitalya\mine\NSProjectX\xrEngine\R_Backend.h(89,15): message : see declaration of 'CBackend::M'
I:\Vitalya\mine\NSProjectX\xrEngine\R_Backend_Runtime.h(31,52): warning C4458: declaration of 'M' hides class member
I:\Vitalya\mine\NSProjectX\xrEngine\R_Backend.h(89,15): message : see declaration of 'CBackend::M'
I:\Vitalya\mine\NSProjectX\xrEngine\R_Backend_Runtime.h(97,51): warning C4458: declaration of 'C' hides class member
I:\Vitalya\mine\NSProjectX\xrEngine\R_Backend.h(90,17): message : see declaration of 'CBackend::C'
I:\Vitalya\mine\NSProjectX\xrEngine\R_Backend_Runtime.h(111,19): warning C4457: declaration of 'C' hides function parameter
I:\Vitalya\mine\NSProjectX\xrEngine\R_Backend_Runtime.h(97,51): message : see declaration of 'C'
I:\Vitalya\mine\NSProjectX\xrEngine\R_Backend_Runtime.h(197,44): warning C4458: declaration of 'T' hides class member
I:\Vitalya\mine\NSProjectX\xrEngine\R_Backend.h(88,16): message : see declaration of 'CBackend::T'
I:\Vitalya\mine\NSProjectX\xrEngine\R_Backend_Runtime.h(207,44): warning C4458: declaration of 'T' hides class member
I:\Vitalya\mine\NSProjectX\xrEngine\R_Backend.h(88,16): message : see declaration of 'CBackend::T'
cl : command line warning D9035: option 'Zc:forScope-' has been deprecated and will be removed in a future release
cl : command line warning D9035: option 'Zc:forScope-' has been deprecated and will be removed in a future release
  Blender_BmmD.cpp
cl : command line warning D9035: option 'Zc:forScope-' has been deprecated and will be removed in a future release
  Blender_detail_still.cpp
cl : command line warning D9035: option 'Zc:forScope-' has been deprecated and will be removed in a future release
cl : command line warning D9035: option 'Zc:forScope-' has been deprecated and will be removed in a future release
  Blender_Editor_Selection.cpp
cl : command line warning D9035: option 'Zc:forScope-' has been deprecated and will be removed in a future release
  Blender_Editor_Wire.cpp
cl : command line warning D9035: option 'Zc:forScope-' has been deprecated and will be removed in a future release
  Blender_Lm(EbB).cpp
cl : command line warning D9035: option 'Zc:forScope-' has been deprecated and will be removed in a future release
cl : command line warning D9035: option 'Zc:forScope-' has been deprecated and will be removed in a future release
cl : command line warning D9035: option 'Zc:forScope-' has been deprecated and will be removed in a future release
  Blender_Model_EbB.cpp
  Blender_Particle.cpp
cl : command line warning D9035: option 'Zc:forScope-' has been deprecated and will be removed in a future release
  Blender_Screen_SET.cpp
cl : command line warning D9035: option 'Zc:forScope-' has been deprecated and will be removed in a future release
cl : command line warning D9035: option 'Zc:forScope-' has been deprecated and will be removed in a future release
  Blender_tree.cpp
cl : command line warning D9035: option 'Zc:forScope-' has been deprecated and will be removed in a future release
cl : command line warning D9035: option 'Zc:forScope-' has been deprecated and will be removed in a future release
cl : command line warning D9035: option 'Zc:forScope-' has been deprecated and will be removed in a future release
cl : command line warning D9035: option 'Zc:forScope-' has been deprecated and will be removed in a future release
cl : command line warning D9035: option 'Zc:forScope-' has been deprecated and will be removed in a future release
cl : command line warning D9035: option 'Zc:forScope-' has been deprecated and will be removed in a future release
cl : command line warning D9035: option 'Zc:forScope-' has been deprecated and will be removed in a future release
  DetailManager.cpp
cl : command line warning D9035: option 'Zc:forScope-' has been deprecated and will be removed in a future release
  DetailManager_CACHE.cpp
  DetailManager_Decompress.cpp
  DetailManager_soft.cpp
  DetailManager_VS.cpp
  DetailModel.cpp
  FLOD.cpp
  FProgressive.cpp
  FSkinned.cpp
  FTreeVisual.cpp
  FVisual.cpp
  HOM.cpp
  light.cpp
  LightTrack.cpp
  Light_DB.cpp
  Light_Package.cpp
  ModelPool.cpp
I:\Vitalya\mine\NSProjectX\layers\xrRender\FLOD.cpp(42,16): warning C4457: declaration of 'N' hides function parameter
I:\Vitalya\mine\NSProjectX\layers\xrRender\FLOD.cpp(31,27): message : see declaration of 'N'
I:\Vitalya\mine\NSProjectX\layers\xrRender\FLOD.cpp(62,13): warning C4244: 'initializing': conversion from 'double' to 'float', possible loss of data
I:\Vitalya\mine\NSProjectX\layers\xrRender\HOM.cpp(216,3): warning C4456: declaration of 'v' hides previous local declaration
I:\Vitalya\mine\NSProjectX\layers\xrRender\HOM.cpp(202,13): message : see declaration of 'v'
  NvTriStrip.cpp
  NvTriStripObjects.cpp
  occRasterizer.cpp
  occRasterizer_core.cpp
I:\Vitalya\mine\NSProjectX\layers\xrRender\LightTrack.cpp(126,21): warning C4456: declaration of 'direction' hides previous local declaration
I:\Vitalya\mine\NSProjectX\layers\xrRender\LightTrack.cpp(113,10): message : see declaration of 'direction'
I:\Vitalya\mine\NSProjectX\layers\xrRender\LightTrack.cpp(140,21): warning C4456: declaration of 'direction' hides previous local declaration
I:\Vitalya\mine\NSProjectX\layers\xrRender\LightTrack.cpp(113,10): message : see declaration of 'direction'
  ParticleEffect.cpp
  ParticleEffectDef.cpp
  ParticleGroup.cpp
  PSLibrary.cpp
  r__dsgraph_build.cpp
  r__dsgraph_render.cpp
  r__dsgraph_render_lods.cpp
  r__screenshot.cpp
  r__sector.cpp
I:\Vitalya\mine\NSProjectX\layers\xrRender\NvTriStripObjects.cpp(1052,4): warning C4456: declaration of 'i' hides previous local declaration
I:\Vitalya\mine\NSProjectX\layers\xrRender\NvTriStripObjects.cpp(954,6): message : see declaration of 'i'
I:\Vitalya\mine\NSProjectX\layers\xrRender\NvTriStrip.cpp(108,3): warning C4456: declaration of 'i' hides previous local declaration
I:\Vitalya\mine\NSProjectX\layers\xrRender\NvTriStrip.cpp(86,6): message : see declaration of 'i'
I:\Vitalya\mine\NSProjectX\layers\xrRender\NvTriStrip.cpp(122,3): warning C4456: declaration of 'i' hides previous local declaration
I:\Vitalya\mine\NSProjectX\layers\xrRender\NvTriStrip.cpp(86,6): message : see declaration of 'i'
I:\Vitalya\mine\NSProjectX\layers\xrRender\NvTriStrip.cpp(133,3): warning C4456: declaration of 'i' hides previous local declaration
I:\Vitalya\mine\NSProjectX\layers\xrRender\NvTriStrip.cpp(86,6): message : see declaration of 'i'
I:\Vitalya\mine\NSProjectX\layers\xrRender\NvTriStrip.cpp(162,10): warning C4456: declaration of 'i' hides previous local declaration
I:\Vitalya\mine\NSProjectX\layers\xrRender\NvTriStrip.cpp(86,6): message : see declaration of 'i'
I:\Vitalya\mine\NSProjectX\layers\xrRender\NvTriStrip.cpp(179,4): warning C4456: declaration of 'i' hides previous local declaration
I:\Vitalya\mine\NSProjectX\layers\xrRender\NvTriStrip.cpp(86,6): message : see declaration of 'i'
I:\Vitalya\mine\NSProjectX\layers\xrRender\NvTriStrip.cpp(193,4): warning C4456: declaration of 'i' hides previous local declaration
I:\Vitalya\mine\NSProjectX\layers\xrRender\NvTriStrip.cpp(86,6): message : see declaration of 'i'
I:\Vitalya\mine\NSProjectX\layers\xrRender\NvTriStrip.cpp(205,2): warning C4456: declaration of 'i' hides previous local declaration
I:\Vitalya\mine\NSProjectX\layers\xrRender\NvTriStrip.cpp(86,6): message : see declaration of 'i'
I:\Vitalya\mine\NSProjectX\layers\xrRender\NvTriStrip.cpp(215,2): warning C4456: declaration of 'i' hides previous local declaration
I:\Vitalya\mine\NSProjectX\layers\xrRender\NvTriStrip.cpp(86,6): message : see declaration of 'i'
  r__sector_traversal.cpp
  Texture.cpp
  tga.cpp
I:\Vitalya\mine\NSProjectX\layers\xrRender\NvTriStripObjects.cpp(1308,23): warning C4456: declaration of 'experimentId' hides previous local declaration
I:\Vitalya\mine\NSProjectX\layers\xrRender\NvTriStripObjects.cpp(1225,6): message : see declaration of 'experimentId'
  VertexCache.cpp
I:\Vitalya\mine\NSProjectX\layers\xrRender\r__screenshot.cpp(124,27): warning C4456: declaration of 'saved' hides previous local declaration
I:\Vitalya\mine\NSProjectX\layers\xrRender\r__screenshot.cpp(115,19): message : see declaration of 'saved'
I:\Vitalya\mine\NSProjectX\layers\xrRender\r__screenshot.cpp(126,20): warning C4456: declaration of 'fs' hides previous local declaration
I:\Vitalya\mine\NSProjectX\layers\xrRender\r__screenshot.cpp(117,15): message : see declaration of 'fs'
I:\Vitalya\mine\NSProjectX\layers\xrRender\r__screenshot.cpp(134,28): warning C4456: declaration of 'saved' hides previous local declaration
I:\Vitalya\mine\NSProjectX\layers\xrRender\r__screenshot.cpp(115,19): message : see declaration of 'saved'
I:\Vitalya\mine\NSProjectX\layers\xrRender\r__screenshot.cpp(136,21): warning C4456: declaration of 'fs' hides previous local declaration
I:\Vitalya\mine\NSProjectX\layers\xrRender\r__screenshot.cpp(117,15): message : see declaration of 'fs'
  WallmarksEngine.cpp
  xrRender_console.cpp
I:\Vitalya\mine\NSProjectX\layers\xrRender\Texture.cpp(331,27): warning C4456: declaration of 'result' hides previous local declaration
I:\Vitalya\mine\NSProjectX\layers\xrRender\Texture.cpp(315,17): message : see declaration of 'result'
I:\Vitalya\mine\NSProjectX\layers\xrRender\Texture.cpp(370,18): warning C4456: declaration of 'result' hides previous local declaration
I:\Vitalya\mine\NSProjectX\layers\xrRender\Texture.cpp(315,17): message : see declaration of 'result'
I:\Vitalya\mine\NSProjectX\layers\xrRender\ParticleEffect.cpp(12,13): warning C4505: 'ApplyTexgen': unreferenced function with internal linkage has been removed
I:\Vitalya\mine\NSProjectX\layers\xrRender\ParticleGroup.cpp(301,34): warning C4456: declaration of 'E' hides previous local declaration
I:\Vitalya\mine\NSProjectX\layers\xrRender\ParticleGroup.cpp(275,22): message : see declaration of 'E'
I:\Vitalya\mine\NSProjectX\layers\xrRender\ParticleGroup.cpp(318,34): warning C4456: declaration of 'E' hides previous local declaration
I:\Vitalya\mine\NSProjectX\layers\xrRender\ParticleGroup.cpp(275,22): message : see declaration of 'E'
I:\Vitalya\mine\NSProjectX\xrCore\_fbox2.h(25,1): warning C4458: declaration of 'x1' hides class member (compiling source file ..\xrRender\r__sector_traversal.cpp)
I:\Vitalya\mine\NSProjectX\xrCore\_fbox2.h(19,6): message : see declaration of '_box2<float>::<unnamed-tag>::x1' (compiling source file ..\xrRender\r__sector_traversal.cpp)
I:\Vitalya\mine\NSProjectX\xrCore\_fbox2.h(25): message : while compiling class template member function '_box2<float> &_box2<float>::set(T,T,T,T)'
          with
          [
              T=float
          ] (compiling source file ..\xrRender\r__sector_traversal.cpp)
I:\Vitalya\mine\NSProjectX\layers\xrRender\r__sector_traversal.cpp(40): message : see reference to function template instantiation '_box2<float> &_box2<float>::set(T,T,T,T)' being compiled
          with
          [
              T=float
          ]
I:\Vitalya\mine\NSProjectX\layers\xrRender\r__sector.h(13): message : see reference to class template instantiation '_box2<float>' being compiled (compiling source file ..\xrRender\r__sector_traversal.cpp)
I:\Vitalya\mine\NSProjectX\xrCore\_fbox2.h(25,1): warning C4458: declaration of 'y1' hides class member (compiling source file ..\xrRender\r__sector_traversal.cpp)
I:\Vitalya\mine\NSProjectX\xrCore\_fbox2.h(19,10): message : see declaration of '_box2<float>::<unnamed-tag>::y1' (compiling source file ..\xrRender\r__sector_traversal.cpp)
I:\Vitalya\mine\NSProjectX\xrCore\_fbox2.h(25,1): warning C4458: declaration of 'x2' hides class member (compiling source file ..\xrRender\r__sector_traversal.cpp)
I:\Vitalya\mine\NSProjectX\xrCore\_fbox2.h(20,6): message : see declaration of '_box2<float>::<unnamed-tag>::x2' (compiling source file ..\xrRender\r__sector_traversal.cpp)
  xrStripify.cpp
I:\Vitalya\mine\NSProjectX\xrCore\_fbox2.h(25,1): warning C4458: declaration of 'y2' hides class member (compiling source file ..\xrRender\r__sector_traversal.cpp)
I:\Vitalya\mine\NSProjectX\xrCore\_fbox2.h(20,10): message : see declaration of '_box2<float>::<unnamed-tag>::y2' (compiling source file ..\xrRender\r__sector_traversal.cpp)
I:\Vitalya\mine\NSProjectX\layers\xrRender\r__dsgraph_build.cpp(291,39): warning C4456: declaration of 'I' hides previous local declaration
I:\Vitalya\mine\NSProjectX\layers\xrRender\r__dsgraph_build.cpp(283,39): message : see declaration of 'I'
I:\Vitalya\mine\NSProjectX\layers\xrRender\r__dsgraph_build.cpp(357,39): warning C4456: declaration of 'I' hides previous local declaration
I:\Vitalya\mine\NSProjectX\layers\xrRender\r__dsgraph_build.cpp(349,39): message : see declaration of 'I'
I:\Vitalya\mine\NSProjectX\layers\xrRender\r__dsgraph_build.cpp(445,39): warning C4456: declaration of 'I' hides previous local declaration
I:\Vitalya\mine\NSProjectX\layers\xrRender\r__dsgraph_build.cpp(436,39): message : see declaration of 'I'
I:\Vitalya\mine\NSProjectX\layers\xrRender\r__dsgraph_build.cpp(482,23): warning C4456: declaration of 'Tpos' hides previous local declaration
I:\Vitalya\mine\NSProjectX\layers\xrRender\r__dsgraph_build.cpp(428,11): message : see declaration of 'Tpos'
I:\Vitalya\mine\NSProjectX\layers\xrRender\r__dsgraph_build.cpp(537,39): warning C4456: declaration of 'I' hides previous local declaration
I:\Vitalya\mine\NSProjectX\layers\xrRender\r__dsgraph_build.cpp(529,39): message : see declaration of 'I'
I:\Vitalya\mine\NSProjectX\layers\xrRender\PSLibrary.cpp(105,18): warning C4456: declaration of 'it' hides previous local declaration
I:\Vitalya\mine\NSProjectX\layers\xrRender\PSLibrary.cpp(99,12): message : see declaration of 'it'
  BlenderDefault.cpp
  Blender_Blur.cpp
  Blender_default_aref.cpp
  Blender_LaEmB.cpp
I:\Vitalya\mine\NSProjectX\layers\xrRender\r__dsgraph_render.cpp(574,24): warning C4456: declaration of 'E' hides previous local declaration
I:\Vitalya\mine\NSProjectX\layers\xrRender\r__dsgraph_render.cpp(531,42): message : see declaration of 'E'
  Blender_Model.cpp
  Blender_Screen_GRAY.cpp
  Blender_Shadow_World.cpp
  Blender_Vertex.cpp
  Blender_Vertex_aref.cpp
  FStaticRender.cpp
  FStaticRender_Blenders.cpp
  FStaticRender_DetectSector.cpp
  FStaticRender_Loader.cpp
  FStaticRender_RenderTarget.cpp
  GlowManager.cpp
  LightPPA.cpp
  LightProjector.cpp
  LightShadows.cpp
  xrRender_R1.cpp
I:\Vitalya\mine\NSProjectX\layers\xrRenderPC_R1\LightShadows.cpp(287,27): warning C4838: conversion from 'int' to 'DWORD' requires a narrowing conversion
I:\Vitalya\mine\NSProjectX\layers\xrRenderPC_R1\LightShadows.cpp(287,38): warning C4838: conversion from 'int' to 'DWORD' requires a narrowing conversion
I:\Vitalya\mine\NSProjectX\layers\xrRenderPC_R1\LightProjector.cpp(251,27): warning C4838: conversion from 'int' to 'DWORD' requires a narrowing conversion
I:\Vitalya\mine\NSProjectX\layers\xrRenderPC_R1\LightProjector.cpp(251,40): warning C4838: conversion from 'int' to 'DWORD' requires a narrowing conversion
I:\Vitalya\mine\NSProjectX\layers\xrRenderPC_R1\FStaticRender.cpp(443,25): warning C4456: declaration of 'T' hides previous local declaration
I:\Vitalya\mine\NSProjectX\layers\xrRenderPC_R1\FStaticRender.cpp(307,18): message : see declaration of 'T'
cl : command line warning D9035: option 'Zc:forScope-' has been deprecated and will be removed in a future release
  doug_lea_memory_allocator.c
  Generating code
  Finished generating code
  xrRender_R1.vcxproj -> I:\Vitalya\mine\NSProjectX\NSPX_build\bin\xrRender_R1.dll
